  Camera.cpp
  GameTimer.cpp
  HeightMap.cpp
C:\Users\Corey\Desktop\Git Hub Repos\Graphics-Coursework\Advanced Programming For Games\nclgl\HeightMap.cpp(26,78): warning C4244: 'argument': conversion from 'int' to 'const float', possible loss of data
C:\Users\Corey\Desktop\Git Hub Repos\Graphics-Coursework\Advanced Programming For Games\nclgl\HeightMap.cpp(26,61): warning C4244: 'argument': conversion from 'double' to 'const float', possible loss of data
  Keyboard.cpp
  Matrix4.cpp
  MD5Anim.cpp
  MD5FileData.cpp
  MD5Mesh.cpp
  MD5Node.cpp
  Mesh.cpp
  Mouse.cpp
  OBJMesh.cpp
  OGLRenderer.cpp
  Quaternion.cpp
  SceneNode.cpp
  Shader.cpp
  Window.cpp
  Generating Code...
C:\Users\Corey\Desktop\Git Hub Repos\Graphics-Coursework\Advanced Programming For Games\nclgl\HeightMap.cpp(26,33): warning C4244: 'argument': conversion from 'int' to 'const float', possible loss of data
  nclgl.vcxproj -> C:\Users\Corey\Desktop\Git Hub Repos\Graphics-Coursework\Advanced Programming For Games\Graphics For Games\Debug\nclgl.lib
