c:\users\b5000297\desktop\git hub repos\graphics-coursework\advanced programming for games\graphics for games\graphics coursework\debug\vc142.pdb
c:\users\b5000297\desktop\git hub repos\graphics-coursework\advanced programming for games\graphics for games\graphics coursework\debug\vc142.idb
c:\users\b5000297\desktop\git hub repos\graphics-coursework\advanced programming for games\graphics for games\graphics coursework\debug\tree.obj
c:\users\b5000297\desktop\git hub repos\graphics-coursework\advanced programming for games\graphics for games\graphics coursework\debug\renderer.obj
c:\users\b5000297\desktop\git hub repos\graphics-coursework\advanced programming for games\graphics for games\graphics coursework\debug\pyramid.obj
c:\users\b5000297\desktop\git hub repos\graphics-coursework\advanced programming for games\graphics for games\graphics coursework\debug\plane.obj
c:\users\b5000297\desktop\git hub repos\graphics-coursework\advanced programming for games\graphics for games\graphics coursework\debug\main.obj
c:\users\b5000297\desktop\git hub repos\graphics-coursework\advanced programming for games\graphics for games\graphics coursework\debug\frustum.obj
c:\users\b5000297\desktop\git hub repos\graphics-coursework\advanced programming for games\graphics for games\graphics coursework\debug\eyetower.obj
c:\users\b5000297\desktop\git hub repos\graphics-coursework\advanced programming for games\graphics for games\graphics coursework\debug\dragon.obj
c:\users\corey\desktop\git hub repos\graphics-coursework\advanced programming for games\graphics for games\debug\graphicscoursework.exe
c:\users\corey\desktop\git hub repos\graphics-coursework\advanced programming for games\graphics for games\debug\graphicscoursework.ilk
c:\users\corey\desktop\git hub repos\graphics-coursework\advanced programming for games\graphics for games\debug\graphicscoursework.pdb
c:\users\b5000297\desktop\git hub repos\graphics-coursework\advanced programming for games\graphics for games\debug\graphicscoursework.pdb
c:\users\b5000297\desktop\git hub repos\graphics-coursework\advanced programming for games\graphics for games\graphics coursework\debug\graphics.909a2cfc.tlog\cl.command.1.tlog
c:\users\b5000297\desktop\git hub repos\graphics-coursework\advanced programming for games\graphics for games\graphics coursework\debug\graphics.909a2cfc.tlog\cl.read.1.tlog
c:\users\b5000297\desktop\git hub repos\graphics-coursework\advanced programming for games\graphics for games\graphics coursework\debug\graphics.909a2cfc.tlog\cl.write.1.tlog
c:\users\b5000297\desktop\git hub repos\graphics-coursework\advanced programming for games\graphics for games\graphics coursework\debug\graphics.909a2cfc.tlog\link.16040-cvtres.read.1.tlog
c:\users\b5000297\desktop\git hub repos\graphics-coursework\advanced programming for games\graphics for games\graphics coursework\debug\graphics.909a2cfc.tlog\link.16040-cvtres.write.1.tlog
c:\users\b5000297\desktop\git hub repos\graphics-coursework\advanced programming for games\graphics for games\graphics coursework\debug\graphics.909a2cfc.tlog\link.16040-rc.read.1.tlog
c:\users\b5000297\desktop\git hub repos\graphics-coursework\advanced programming for games\graphics for games\graphics coursework\debug\graphics.909a2cfc.tlog\link.16040-rc.write.1.tlog
c:\users\b5000297\desktop\git hub repos\graphics-coursework\advanced programming for games\graphics for games\graphics coursework\debug\graphics.909a2cfc.tlog\link.16040.read.1.tlog
c:\users\b5000297\desktop\git hub repos\graphics-coursework\advanced programming for games\graphics for games\graphics coursework\debug\graphics.909a2cfc.tlog\link.16040.write.1.tlog
c:\users\b5000297\desktop\git hub repos\graphics-coursework\advanced programming for games\graphics for games\graphics coursework\debug\graphics.909a2cfc.tlog\link.command.1.tlog
c:\users\b5000297\desktop\git hub repos\graphics-coursework\advanced programming for games\graphics for games\graphics coursework\debug\graphics.909a2cfc.tlog\link.read.1.tlog
c:\users\b5000297\desktop\git hub repos\graphics-coursework\advanced programming for games\graphics for games\graphics coursework\debug\graphics.909a2cfc.tlog\link.write.1.tlog
