  Dragon.cpp
  EyeTower.cpp
  Frustum.cpp
  Main.cpp
  Plane.cpp
  Pyramid.cpp
  Renderer.cpp
C:\Users\Corey\Desktop\Git Hub Repos\Graphics-Coursework\Advanced Programming For Games\Graphics For Games\Graphics Coursework\Pyramid.cpp(11,32): warning C4244: 'argument': conversion from 'int' to 'float', possible loss of data
  Tree.cpp
  Generating Code...
C:\Users\Corey\Desktop\Git Hub Repos\Graphics-Coursework\Advanced Programming For Games\Graphics For Games\Graphics Coursework\Renderer.cpp(305,39): warning C4305: 'initializing': truncation from 'double' to 'float'
  LINK : C:\Users\Corey\Desktop\Git Hub Repos\Graphics-Coursework\Advanced Programming For Games\Graphics For Games\Debug\GraphicsCoursework.exe not found or not built by the last incremental link; performing full link
MSVCRTD.lib(initializers.obj) : warning LNK4098: defaultlib 'libcmt.lib' conflicts with use of other libs; use /NODEFAULTLIB:library
LINK : warning LNK4286: symbol '___glewActiveTexture' defined in 'glew32.lib(glew.obj)' is imported by 'Renderer.obj'
LINK : warning LNK4286: symbol '___glewGetUniformLocation' defined in 'glew32.lib(glew.obj)' is imported by 'Renderer.obj'
LINK : warning LNK4286: symbol '___glewUniform1i' defined in 'glew32.lib(glew.obj)' is imported by 'Renderer.obj'
LINK : warning LNK4286: symbol '___glewUniform3fv' defined in 'glew32.lib(glew.obj)' is imported by 'Renderer.obj'
LINK : warning LNK4286: symbol '___glewUniform4fv' defined in 'glew32.lib(glew.obj)' is imported by 'Renderer.obj'
LINK : warning LNK4286: symbol '___glewUniformMatrix4fv' defined in 'glew32.lib(glew.obj)' is imported by 'Renderer.obj'
LINK : warning LNK4286: symbol '___glewUseProgram' defined in 'glew32.lib(glew.obj)' is imported by 'Renderer.obj'
glew32.lib(glew.obj) : warning LNK4099: PDB 'vc120.pdb' was not found with 'glew32.lib(glew.obj)' or at 'C:\Users\Corey\Desktop\Git Hub Repos\Graphics-Coursework\Advanced Programming For Games\Graphics For Games\Debug\vc120.pdb'; linking object as if no debug info
  GraphicsCoursework.vcxproj -> C:\Users\Corey\Desktop\Git Hub Repos\Graphics-Coursework\Advanced Programming For Games\Graphics For Games\Debug\GraphicsCoursework.exe
